<?xml version="1.0" encoding="UTF-8"?>
<!-- Generated by org.testng.reporters.JUnitXMLReporter -->
<testsuite ignored="0" hostname="DESKTOP-CSVFDDF" failures="0" tests="3" name="Default test" time="16.892" errors="0" timestamp="2023-04-22T22:30:29 IST">
  <testcase classname="com.vtiger.tests.LoginTest" name="InvalidLoginTC01" time="3.995"/>
  <testcase classname="com.vtiger.tests.LoginTest" name="validLoginTC02" time="12.626"/>
  <testcase classname="com.vtiger.tests.LoginTest" name="verifyLogoTC03" time="0.172"/>
</testsuite> <!-- Default test -->
