<?xml version="1.0" encoding="UTF-8"?>
<!-- Generated by org.testng.reporters.JUnitXMLReporter -->
<testsuite ignored="0" hostname="DESKTOP-RV81JHL" failures="0" tests="3" name="Default test" time="3.895" errors="0" timestamp="2023-04-30T10:59:49 IST">
  <testcase classname="com.vtiger.tests.LoginTest" name="InvalidLoginTC01" time="1.373"/>
  <testcase classname="com.vtiger.tests.LoginTest" name="validLoginTC02" time="2.292"/>
  <testcase classname="com.vtiger.tests.LoginTest" name="verifyLogoTC03" time="0.173"/>
</testsuite> <!-- Default test -->
